<?xml version="1.0" encoding="UTF-8"?>
<!-- Generated by org.testng.reporters.JUnitXMLReporter -->
<testsuite ignored="0" hostname="Faruq" failures="0" tests="3" name="Default test" time="5.937" errors="0" timestamp="2023-09-30T12:37:28 EDT">
  <testcase classname="com.facebook.pom_PageFactory.LoginTestWithPageFactory" name="boundaryLoginTest" time="0.154"/>
  <testcase classname="com.facebook.pom_PageFactory.LoginTestWithPageFactory" name="inValidLoginTest" time="0.175"/>
  <testcase classname="com.facebook.pom_PageFactory.LoginTestWithPageFactory" name="validLoginTest" time="0.15"/>
</testsuite> <!-- Default test -->
