<?xml version="1.0" encoding="UTF-8"?>
<!-- Generated by org.testng.reporters.JUnitXMLReporter -->
<testsuite ignored="0" hostname="Faruq" failures="0" tests="2" name="Default test" time="4.319" errors="0" timestamp="2023-09-24T13:08:03 EDT">
  <testcase classname="com.facebook.pageObjecModel_LoginTests.LoginTest" name="validLoginTest" time="0.191"/>
  <testcase classname="com.facebook.pageObjecModel_LoginTests.LoginTest" name="invalidLoginTest" time="0.186"/>
</testsuite> <!-- Default test -->
