<?xml version="1.0" encoding="UTF-8"?>
<testng-results ignored="0" total="1" passed="1" failed="0" skipped="0">
  <reporter-output>
  </reporter-output>
  <suite started-at="2023-09-23T13:57:36 EDT" name="Default suite" finished-at="2023-09-23T13:57:39 EDT" duration-ms="2580">
    <groups>
    </groups>
    <test started-at="2023-09-23T13:57:36 EDT" name="Default test" finished-at="2023-09-23T13:57:39 EDT" duration-ms="2580">
      <class name="com.facebook.locators.RegularCSS">
        <test-method is-config="true" signature="openFacebook()[pri:0, instance:com.facebook.locators.RegularCSS@409bf450]" started-at="2023-09-23T13:57:36 EDT" name="openFacebook" finished-at="2023-09-23T13:57:38 EDT" duration-ms="2196" status="PASS">
          <reporter-output>
          </reporter-output>
        </test-method> <!-- openFacebook -->
        <test-method signature="loginTest()[pri:0, instance:com.facebook.locators.RegularCSS@409bf450]" started-at="2023-09-23T13:57:38 EDT" name="loginTest" finished-at="2023-09-23T13:57:39 EDT" duration-ms="352" status="PASS">
          <reporter-output>
          </reporter-output>
        </test-method> <!-- loginTest -->
      </class> <!-- com.facebook.locators.RegularCSS -->
    </test> <!-- Default test -->
  </suite> <!-- Default suite -->
</testng-results>
