<?xml version="1.0" encoding="UTF-8"?>
<testng-results ignored="0" total="3" passed="3" failed="0" skipped="0">
  <reporter-output>
  </reporter-output>
  <suite started-at="2023-09-30T12:37:22 EDT" name="Default suite" finished-at="2023-09-30T12:37:28 EDT" duration-ms="5937">
    <groups>
    </groups>
    <test started-at="2023-09-30T12:37:22 EDT" name="Default test" finished-at="2023-09-30T12:37:28 EDT" duration-ms="5937">
      <class name="com.facebook.pom_PageFactory.LoginTestWithPageFactory">
        <test-method is-config="true" signature="openApp()[pri:0, instance:com.facebook.pom_PageFactory.LoginTestWithPageFactory@351d00c0]" started-at="2023-09-30T12:37:22 EDT" name="openApp" finished-at="2023-09-30T12:37:24 EDT" duration-ms="2320" status="PASS">
          <reporter-output>
          </reporter-output>
        </test-method> <!-- openApp -->
        <test-method signature="boundaryLoginTest()[pri:0, instance:com.facebook.pom_PageFactory.LoginTestWithPageFactory@351d00c0]" started-at="2023-09-30T12:37:24 EDT" name="boundaryLoginTest" finished-at="2023-09-30T12:37:25 EDT" duration-ms="154" status="PASS">
          <reporter-output>
          </reporter-output>
        </test-method> <!-- boundaryLoginTest -->
        <test-method is-config="true" signature="openApp()[pri:0, instance:com.facebook.pom_PageFactory.LoginTestWithPageFactory@351d00c0]" started-at="2023-09-30T12:37:25 EDT" name="openApp" finished-at="2023-09-30T12:37:26 EDT" duration-ms="1504" status="PASS">
          <reporter-output>
          </reporter-output>
        </test-method> <!-- openApp -->
        <test-method signature="inValidLoginTest()[pri:0, instance:com.facebook.pom_PageFactory.LoginTestWithPageFactory@351d00c0]" started-at="2023-09-30T12:37:26 EDT" name="inValidLoginTest" finished-at="2023-09-30T12:37:26 EDT" duration-ms="175" status="PASS">
          <reporter-output>
          </reporter-output>
        </test-method> <!-- inValidLoginTest -->
        <test-method is-config="true" signature="openApp()[pri:0, instance:com.facebook.pom_PageFactory.LoginTestWithPageFactory@351d00c0]" started-at="2023-09-30T12:37:26 EDT" name="openApp" finished-at="2023-09-30T12:37:28 EDT" duration-ms="1588" status="PASS">
          <reporter-output>
          </reporter-output>
        </test-method> <!-- openApp -->
        <test-method signature="validLoginTest()[pri:0, instance:com.facebook.pom_PageFactory.LoginTestWithPageFactory@351d00c0]" started-at="2023-09-30T12:37:28 EDT" name="validLoginTest" finished-at="2023-09-30T12:37:28 EDT" duration-ms="150" status="PASS">
          <reporter-output>
          </reporter-output>
        </test-method> <!-- validLoginTest -->
      </class> <!-- com.facebook.pom_PageFactory.LoginTestWithPageFactory -->
    </test> <!-- Default test -->
  </suite> <!-- Default suite -->
</testng-results>
